<?xml version="1.0" encoding="UTF-8"?>
<testng-results skipped="0" failed="2" ignored="0" total="3" passed="1">
  <reporter-output>
  </reporter-output>
  <suite name="Parallel Execution" duration-ms="41193" started-at="2019-11-19T16:13:19Z" finished-at="2019-11-19T16:14:00Z">
    <groups>
    </groups>
    <test name="First Test" duration-ms="21950" started-at="2019-11-19T16:13:19Z" finished-at="2019-11-19T16:13:40Z">
      <class name="com.qa.newtours.tests.LandingPageTests">
        <test-method status="PASS" signature="setUpTest(java.lang.String)[pri:0, instance:com.qa.newtours.tests.LandingPageTests@f6c48ac]" name="setUpTest" is-config="true" duration-ms="19044" started-at="2019-11-19T16:13:19Z" finished-at="2019-11-19T16:13:38Z">
          <params>
            <param index="0">
              <value>
                <![CDATA[chrome]]>
              </value>
            </param>
          </params>
          <reporter-output>
          </reporter-output>
        </test-method> <!-- setUpTest -->
        <test-method status="FAIL" signature="verifyLandingPageTitle()[pri:0, instance:com.qa.newtours.tests.LandingPageTests@f6c48ac]" name="verifyLandingPageTitle" duration-ms="16" started-at="2019-11-19T16:13:38Z" finished-at="2019-11-19T16:13:38Z">
          <exception class="java.lang.AssertionError">
            <message>
              <![CDATA[Not on Registration page expected [Register: Mercury Tours] but found [Welcome: Mercury Tours]]]>
            </message>
            <full-stacktrace>
              <![CDATA[java.lang.AssertionError: Not on Registration page expected [Register: Mercury Tours] but found [Welcome: Mercury Tours]
at org.testng.Assert.fail(Assert.java:96)
at org.testng.Assert.failNotEquals(Assert.java:776)
at org.testng.Assert.assertEqualsImpl(Assert.java:137)
at org.testng.Assert.assertEquals(Assert.java:118)
at org.testng.Assert.assertEquals(Assert.java:453)
at com.qa.newtours.tests.LandingPageTests.verifyLandingPageTitle(LandingPageTests.java:21)
at sun.reflect.NativeMethodAccessorImpl.invoke0(Native Method)
at sun.reflect.NativeMethodAccessorImpl.invoke(NativeMethodAccessorImpl.java:62)
at sun.reflect.DelegatingMethodAccessorImpl.invoke(DelegatingMethodAccessorImpl.java:43)
at java.lang.reflect.Method.invoke(Method.java:498)
at org.testng.internal.MethodInvocationHelper.invokeMethod(MethodInvocationHelper.java:124)
at org.testng.internal.Invoker.invokeMethod(Invoker.java:583)
at org.testng.internal.Invoker.invokeTestMethod(Invoker.java:719)
at org.testng.internal.Invoker.invokeTestMethods(Invoker.java:989)
at org.testng.internal.TestMethodWorker.invokeTestMethods(TestMethodWorker.java:125)
at org.testng.internal.TestMethodWorker.run(TestMethodWorker.java:109)
at java.util.concurrent.ThreadPoolExecutor.runWorker(ThreadPoolExecutor.java:1149)
at java.util.concurrent.ThreadPoolExecutor$Worker.run(ThreadPoolExecutor.java:624)
at java.lang.Thread.run(Thread.java:748)
]]>
            </full-stacktrace>
          </exception> <!-- java.lang.AssertionError -->
          <reporter-output>
          </reporter-output>
        </test-method> <!-- verifyLandingPageTitle -->
        <test-method status="PASS" signature="tearDownTest()[pri:0, instance:com.qa.newtours.tests.LandingPageTests@f6c48ac]" name="tearDownTest" is-config="true" duration-ms="2841" started-at="2019-11-19T16:13:38Z" finished-at="2019-11-19T16:13:40Z">
          <reporter-output>
          </reporter-output>
        </test-method> <!-- tearDownTest -->
      </class> <!-- com.qa.newtours.tests.LandingPageTests -->
    </test> <!-- First Test -->
    <test name="Second Test" duration-ms="41193" started-at="2019-11-19T16:13:19Z" finished-at="2019-11-19T16:14:00Z">
      <class name="com.qa.newtours.tests.RegistrationPageTests">
        <test-method status="PASS" signature="setUpTest(java.lang.String)[pri:0, instance:com.qa.newtours.tests.RegistrationPageTests@4566e5bd]" name="setUpTest" is-config="true" duration-ms="19011" started-at="2019-11-19T16:13:19Z" finished-at="2019-11-19T16:13:38Z">
          <params>
            <param index="0">
              <value>
                <![CDATA[firefox]]>
              </value>
            </param>
          </params>
          <reporter-output>
          </reporter-output>
        </test-method> <!-- setUpTest -->
        <test-method status="PASS" signature="setUpTest(java.lang.String)[pri:0, instance:com.qa.newtours.tests.RegistrationPageTests@4566e5bd]" name="setUpTest" is-config="true" duration-ms="13695" started-at="2019-11-19T16:13:19Z" finished-at="2019-11-19T16:13:32Z">
          <params>
            <param index="0">
              <value>
                <![CDATA[firefox]]>
              </value>
            </param>
          </params>
          <reporter-output>
          </reporter-output>
        </test-method> <!-- setUpTest -->
        <test-method status="PASS" signature="verifyRegistrationPageTitleTest()[pri:0, instance:com.qa.newtours.tests.RegistrationPageTests@4566e5bd]" name="verifyRegistrationPageTitleTest" duration-ms="6677" started-at="2019-11-19T16:13:32Z" finished-at="2019-11-19T16:13:39Z">
          <reporter-output>
          </reporter-output>
        </test-method> <!-- verifyRegistrationPageTitleTest -->
        <test-method status="FAIL" signature="verifyUserRegistrationTest()[pri:0, instance:com.qa.newtours.tests.RegistrationPageTests@4566e5bd]" name="verifyUserRegistrationTest" duration-ms="20401" started-at="2019-11-19T16:13:38Z" finished-at="2019-11-19T16:13:58Z">
          <exception class="org.openqa.selenium.TimeoutException">
            <message>
              <![CDATA[Expected condition failed: waiting for title to contain "Welcome: Mercury Tours". Current title: "" (tried for 20 second(s) with 500 milliseconds interval)
Build info: version: '3.141.59', revision: 'e82be7d358', time: '2018-11-14T08:17:03'
System info: host: 'Sandeeps-MacBook-Air.local', ip: '192.168.0.2', os.name: 'Mac OS X', os.arch: 'x86_64', os.version: '10.13.6', java.version: '1.8.0_221'
Driver info: org.openqa.selenium.firefox.FirefoxDriver
Capabilities {acceptInsecureCerts: true, browserName: firefox, browserVersion: 70.0.1, javascriptEnabled: true, moz:accessibilityChecks: false, moz:buildID: 20191030021342, moz:geckodriverVersion: 0.26.0, moz:headless: false, moz:processID: 35178, moz:profile: /var/folders/fj/116hfs353pn..., moz:shutdownTimeout: 60000, moz:useNonSpecCompliantPointerOrigin: false, moz:webdriverClick: true, pageLoadStrategy: normal, platform: MAC, platformName: MAC, platformVersion: 17.7.0, rotatable: false, setWindowRect: true, strictFileInteractability: false, timeouts: {implicit: 0, pageLoad: 300000, script: 30000}, unhandledPromptBehavior: dismiss and notify}
Session ID: 7a957a1c-b2c9-3e47-837e-45f6c6df6243]]>
            </message>
            <full-stacktrace>
              <![CDATA[org.openqa.selenium.TimeoutException: Expected condition failed: waiting for title to contain "Welcome: Mercury Tours". Current title: "" (tried for 20 second(s) with 500 milliseconds interval)
Build info: version: '3.141.59', revision: 'e82be7d358', time: '2018-11-14T08:17:03'
System info: host: 'Sandeeps-MacBook-Air.local', ip: '192.168.0.2', os.name: 'Mac OS X', os.arch: 'x86_64', os.version: '10.13.6', java.version: '1.8.0_221'
Driver info: org.openqa.selenium.firefox.FirefoxDriver
Capabilities {acceptInsecureCerts: true, browserName: firefox, browserVersion: 70.0.1, javascriptEnabled: true, moz:accessibilityChecks: false, moz:buildID: 20191030021342, moz:geckodriverVersion: 0.26.0, moz:headless: false, moz:processID: 35178, moz:profile: /var/folders/fj/116hfs353pn..., moz:shutdownTimeout: 60000, moz:useNonSpecCompliantPointerOrigin: false, moz:webdriverClick: true, pageLoadStrategy: normal, platform: MAC, platformName: MAC, platformVersion: 17.7.0, rotatable: false, setWindowRect: true, strictFileInteractability: false, timeouts: {implicit: 0, pageLoad: 300000, script: 30000}, unhandledPromptBehavior: dismiss and notify}
Session ID: 7a957a1c-b2c9-3e47-837e-45f6c6df6243
at org.openqa.selenium.support.ui.WebDriverWait.timeoutException(WebDriverWait.java:95)
at org.openqa.selenium.support.ui.FluentWait.until(FluentWait.java:272)
at com.qa.newtours.utility.ElementUtility.waitForTitlePresent(ElementUtility.java:49)
at com.qa.newtours.pages.NewTourLandingPage.<init>(NewTourLandingPage.java:22)
at com.qa.newtours.tests.RegistrationPageTests.verifyUserRegistrationTest(RegistrationPageTests.java:21)
at sun.reflect.NativeMethodAccessorImpl.invoke0(Native Method)
at sun.reflect.NativeMethodAccessorImpl.invoke(NativeMethodAccessorImpl.java:62)
at sun.reflect.DelegatingMethodAccessorImpl.invoke(DelegatingMethodAccessorImpl.java:43)
at java.lang.reflect.Method.invoke(Method.java:498)
at org.testng.internal.MethodInvocationHelper.invokeMethod(MethodInvocationHelper.java:124)
at org.testng.internal.Invoker.invokeMethod(Invoker.java:583)
at org.testng.internal.Invoker.invokeTestMethod(Invoker.java:719)
at org.testng.internal.Invoker.invokeTestMethods(Invoker.java:989)
at org.testng.internal.TestMethodWorker.invokeTestMethods(TestMethodWorker.java:125)
at org.testng.internal.TestMethodWorker.run(TestMethodWorker.java:109)
at java.util.concurrent.ThreadPoolExecutor.runWorker(ThreadPoolExecutor.java:1149)
at java.util.concurrent.ThreadPoolExecutor$Worker.run(ThreadPoolExecutor.java:624)
at java.lang.Thread.run(Thread.java:748)
]]>
            </full-stacktrace>
          </exception> <!-- org.openqa.selenium.TimeoutException -->
          <reporter-output>
          </reporter-output>
        </test-method> <!-- verifyUserRegistrationTest -->
        <test-method status="PASS" signature="tearDownTest()[pri:0, instance:com.qa.newtours.tests.RegistrationPageTests@4566e5bd]" name="tearDownTest" is-config="true" duration-ms="2776" started-at="2019-11-19T16:13:39Z" finished-at="2019-11-19T16:13:42Z">
          <reporter-output>
          </reporter-output>
        </test-method> <!-- tearDownTest -->
        <test-method status="PASS" signature="tearDownTest()[pri:0, instance:com.qa.newtours.tests.RegistrationPageTests@4566e5bd]" name="tearDownTest" is-config="true" duration-ms="1736" started-at="2019-11-19T16:13:58Z" finished-at="2019-11-19T16:14:00Z">
          <reporter-output>
          </reporter-output>
        </test-method> <!-- tearDownTest -->
      </class> <!-- com.qa.newtours.tests.RegistrationPageTests -->
    </test> <!-- Second Test -->
  </suite> <!-- Parallel Execution -->
</testng-results>
